  Tema8_Ex5.cpp
C:\Onedrive\Documents\Facultate\Cursuri\Anul 3\Semestrul 2\Cloud computing si IoT\Tema8_CCIOT\ex5\Tema8_Ex5\Tema8_Ex5\Tema8_Ex5.cpp(32,24): warning C4244: 'return': conversion from 'double' to 'float', possible loss of data
C:\Onedrive\Documents\Facultate\Cursuri\Anul 3\Semestrul 2\Cloud computing si IoT\Tema8_CCIOT\ex5\Tema8_Ex5\Tema8_Ex5\Tema8_Ex5.cpp(35,24): warning C4244: 'return': conversion from 'double' to 'float', possible loss of data
C:\Onedrive\Documents\Facultate\Cursuri\Anul 3\Semestrul 2\Cloud computing si IoT\Tema8_CCIOT\ex5\Tema8_Ex5\Tema8_Ex5\Tema8_Ex5.cpp(38,42): warning C4244: 'return': conversion from 'double' to 'float', possible loss of data
C:\Onedrive\Documents\Facultate\Cursuri\Anul 3\Semestrul 2\Cloud computing si IoT\Tema8_CCIOT\ex5\Tema8_Ex5\Tema8_Ex5\Tema8_Ex5.cpp(41,43): warning C4244: 'return': conversion from 'double' to 'float', possible loss of data
C:\Onedrive\Documents\Facultate\Cursuri\Anul 3\Semestrul 2\Cloud computing si IoT\Tema8_CCIOT\ex5\Tema8_Ex5\Tema8_Ex5\Tema8_Ex5.cpp(61,24): warning C4244: 'return': conversion from 'double' to 'float', possible loss of data
C:\Onedrive\Documents\Facultate\Cursuri\Anul 3\Semestrul 2\Cloud computing si IoT\Tema8_CCIOT\ex5\Tema8_Ex5\Tema8_Ex5\Tema8_Ex5.cpp(64,24): warning C4244: 'return': conversion from 'double' to 'float', possible loss of data
C:\Onedrive\Documents\Facultate\Cursuri\Anul 3\Semestrul 2\Cloud computing si IoT\Tema8_CCIOT\ex5\Tema8_Ex5\Tema8_Ex5\Tema8_Ex5.cpp(67,42): warning C4244: 'return': conversion from 'double' to 'float', possible loss of data
C:\Onedrive\Documents\Facultate\Cursuri\Anul 3\Semestrul 2\Cloud computing si IoT\Tema8_CCIOT\ex5\Tema8_Ex5\Tema8_Ex5\Tema8_Ex5.cpp(70,43): warning C4244: 'return': conversion from 'double' to 'float', possible loss of data
C:\Onedrive\Documents\Facultate\Cursuri\Anul 3\Semestrul 2\Cloud computing si IoT\Tema8_CCIOT\ex5\Tema8_Ex5\Tema8_Ex5\Tema8_Ex5.cpp(89,24): warning C4244: 'return': conversion from 'double' to 'float', possible loss of data
C:\Onedrive\Documents\Facultate\Cursuri\Anul 3\Semestrul 2\Cloud computing si IoT\Tema8_CCIOT\ex5\Tema8_Ex5\Tema8_Ex5\Tema8_Ex5.cpp(92,24): warning C4244: 'return': conversion from 'double' to 'float', possible loss of data
C:\Onedrive\Documents\Facultate\Cursuri\Anul 3\Semestrul 2\Cloud computing si IoT\Tema8_CCIOT\ex5\Tema8_Ex5\Tema8_Ex5\Tema8_Ex5.cpp(95,42): warning C4244: 'return': conversion from 'double' to 'float', possible loss of data
C:\Onedrive\Documents\Facultate\Cursuri\Anul 3\Semestrul 2\Cloud computing si IoT\Tema8_CCIOT\ex5\Tema8_Ex5\Tema8_Ex5\Tema8_Ex5.cpp(98,43): warning C4244: 'return': conversion from 'double' to 'float', possible loss of data
C:\Onedrive\Documents\Facultate\Cursuri\Anul 3\Semestrul 2\Cloud computing si IoT\Tema8_CCIOT\ex5\Tema8_Ex5\Tema8_Ex5\Tema8_Ex5.cpp(117,24): warning C4244: 'return': conversion from 'double' to 'float', possible loss of data
C:\Onedrive\Documents\Facultate\Cursuri\Anul 3\Semestrul 2\Cloud computing si IoT\Tema8_CCIOT\ex5\Tema8_Ex5\Tema8_Ex5\Tema8_Ex5.cpp(120,24): warning C4244: 'return': conversion from 'double' to 'float', possible loss of data
C:\Onedrive\Documents\Facultate\Cursuri\Anul 3\Semestrul 2\Cloud computing si IoT\Tema8_CCIOT\ex5\Tema8_Ex5\Tema8_Ex5\Tema8_Ex5.cpp(123,42): warning C4244: 'return': conversion from 'double' to 'float', possible loss of data
C:\Onedrive\Documents\Facultate\Cursuri\Anul 3\Semestrul 2\Cloud computing si IoT\Tema8_CCIOT\ex5\Tema8_Ex5\Tema8_Ex5\Tema8_Ex5.cpp(126,43): warning C4244: 'return': conversion from 'double' to 'float', possible loss of data
C:\Onedrive\Documents\Facultate\Cursuri\Anul 3\Semestrul 2\Cloud computing si IoT\Tema8_CCIOT\ex5\Tema8_Ex5\Tema8_Ex5\Tema8_Ex5.cpp(238,40): warning C4244: '=': conversion from 'float' to 'unsigned int', possible loss of data
C:\Onedrive\Documents\Facultate\Cursuri\Anul 3\Semestrul 2\Cloud computing si IoT\Tema8_CCIOT\ex5\Tema8_Ex5\Tema8_Ex5\Tema8_Ex5.cpp(244,43): warning C4244: '=': conversion from 'float' to 'unsigned int', possible loss of data
C:\Onedrive\Documents\Facultate\Cursuri\Anul 3\Semestrul 2\Cloud computing si IoT\Tema8_CCIOT\ex5\Tema8_Ex5\Tema8_Ex5\Tema8_Ex5.cpp(250,36): warning C4244: '=': conversion from 'float' to 'unsigned int', possible loss of data
C:\Onedrive\Documents\Facultate\Cursuri\Anul 3\Semestrul 2\Cloud computing si IoT\Tema8_CCIOT\ex5\Tema8_Ex5\Tema8_Ex5\Tema8_Ex5.cpp(257,40): warning C4244: '=': conversion from 'float' to 'unsigned int', possible loss of data
C:\Onedrive\Documents\Facultate\Cursuri\Anul 3\Semestrul 2\Cloud computing si IoT\Tema8_CCIOT\ex5\Tema8_Ex5\Tema8_Ex5\Tema8_Ex5.cpp(298,43): warning C4018: '>': signed/unsigned mismatch
C:\Onedrive\Documents\Facultate\Cursuri\Anul 3\Semestrul 2\Cloud computing si IoT\Tema8_CCIOT\ex5\Tema8_Ex5\Tema8_Ex5\Tema8_Ex5.cpp(306,46): warning C4018: '>': signed/unsigned mismatch
C:\Onedrive\Documents\Facultate\Cursuri\Anul 3\Semestrul 2\Cloud computing si IoT\Tema8_CCIOT\ex5\Tema8_Ex5\Tema8_Ex5\Tema8_Ex5.cpp(314,39): warning C4018: '>': signed/unsigned mismatch
C:\Onedrive\Documents\Facultate\Cursuri\Anul 3\Semestrul 2\Cloud computing si IoT\Tema8_CCIOT\ex5\Tema8_Ex5\Tema8_Ex5\Tema8_Ex5.cpp(322,43): warning C4018: '>': signed/unsigned mismatch
  Tema8_Ex5.vcxproj -> C:\Onedrive\Documents\Facultate\Cursuri\Anul 3\Semestrul 2\Cloud computing si IoT\Tema8_CCIOT\ex5\Tema8_Ex5\Debug\Tema8_Ex5.exe
